<?xml version="1.0" encoding="UTF-8"?>
<!-- Generated by org.testng.reporters.JUnitReportReporter -->
<testsuite hostname="ADIW58ZLPC0131" failures="0" tests="1" name="com.TestCase.PriceCompareTest" time="15.873" errors="0" timestamp="14 Dec 2020 16:37:45 GMT" skipped="0">
  <testcase classname="com.TestCase.PriceCompareTest" name="ComparePrice" time="15.873"/>
</testsuite> <!-- com.TestCase.PriceCompareTest -->
