<?xml version="1.0" encoding="UTF-8"?>
<!-- Generated by org.testng.reporters.JUnitReportReporter -->
<testsuite hostname="ADIW58ZLPC0131" failures="0" tests="1" name="com.TestCase.Login_Page" time="8.087" errors="0" timestamp="2020-12-14T05:38:52 IST" skipped="0">
  <testcase classname="com.TestCase.Login_Page" name="loginApp" time="8.087"/>
  <system-out/>
</testsuite> <!-- com.TestCase.Login_Page -->
