<?xml version="1.0" encoding="UTF-8"?>
<!-- Generated by org.testng.reporters.JUnitReportReporter -->
<testsuite hostname="ADIW58ZLPC0131" failures="0" tests="1" name="com.TestCase.Test_007" time="37.727" errors="0" timestamp="14 Dec 2020 16:28:01 GMT" skipped="0">
  <testcase classname="com.TestCase.Test_007" name="ComparePrice" time="37.727"/>
</testsuite> <!-- com.TestCase.Test_007 -->
